<?xml version="1.0" encoding="UTF-8"?>
<!-- Generated by org.testng.reporters.JUnitReportReporter -->
<testsuite skipped="0" hostname="aj-desktop" name="Employees.searchByUsername" tests="1" failures="0" timestamp="19 May 2017 10:26:03 GMT" time="47.612" errors="0">
  <testcase name="method" time="47.612" classname="Employees.searchByUsername"/>
</testsuite> <!-- Employees.searchByUsername -->
