<?xml version="1.0" encoding="UTF-8"?>
<!-- Generated by org.testng.reporters.JUnitReportReporter -->
<testsuite skipped="0" hostname="aj-desktop" name="Employees.allCases" tests="1" failures="0" timestamp="22 May 2017 07:31:52 GMT" time="31.693" errors="0">
  <testcase name="method" time="31.693" classname="Employees.allCases"/>
</testsuite> <!-- Employees.allCases -->
