<?xml version="1.0" encoding="UTF-8"?>
<!-- Generated by org.testng.reporters.JUnitReportReporter -->
<testsuite skipped="0" hostname="aj-desktop" name="Login.validUser" tests="1" failures="0" timestamp="16 May 2017 06:33:33 GMT" time="13.905" errors="0">
  <testcase name="passengers" time="13.905" classname="Login.validUser"/>
</testsuite> <!-- Login.validUser -->
