<?xml version="1.0" encoding="UTF-8"?>
<!-- Generated by org.testng.reporters.JUnitReportReporter -->
<testsuite skipped="0" hostname="aj-desktop" name="Employees.statusAsPendingForReviewedCases" tests="1" failures="0" timestamp="18 May 2017 12:15:55 GMT" time="81.661" errors="0">
  <testcase name="method" time="81.661" classname="Employees.statusAsPendingForReviewedCases"/>
</testsuite> <!-- Employees.statusAsPendingForReviewedCases -->
