<?xml version="1.0" encoding="UTF-8"?>
<!-- Generated by org.testng.reporters.JUnitReportReporter -->
<testsuite skipped="0" hostname="aj-desktop" name="Employees.totalEmployees" tests="1" failures="0" timestamp="16 May 2017 07:42:57 GMT" time="22.798" errors="0">
  <testcase name="passengers" time="22.798" classname="Employees.totalEmployees"/>
</testsuite> <!-- Employees.totalEmployees -->
