<?xml version="1.0" encoding="UTF-8"?>
<!-- Generated by org.testng.reporters.JUnitReportReporter -->
<testsuite skipped="0" hostname="aj-desktop" name="Employees.pendingCasesViewMore" tests="1" failures="0" timestamp="18 May 2017 06:51:18 GMT" time="55.996" errors="0">
  <testcase name="method" time="55.996" classname="Employees.pendingCasesViewMore"/>
</testsuite> <!-- Employees.pendingCasesViewMore -->
