<?xml version="1.0" encoding="UTF-8"?>
<!-- Generated by org.testng.reporters.JUnitReportReporter -->
<testsuite skipped="0" hostname="aj-desktop" name="Login.validUser" tests="1" failures="0" timestamp="17 May 2017 08:04:55 GMT" time="17.547" errors="0">
  <testcase name="passengers" time="17.547" classname="Login.validUser"/>
</testsuite> <!-- Login.validUser -->
