<?xml version="1.0" encoding="UTF-8"?>
<!-- Generated by org.testng.reporters.JUnitReportReporter -->
<testsuite skipped="0" hostname="aj-desktop" name="Employees.searchByUsernameAndEmail" tests="1" failures="0" timestamp="18 May 2017 05:33:50 GMT" time="39.625" errors="0">
  <testcase name="method" time="39.625" classname="Employees.searchByUsernameAndEmail"/>
</testsuite> <!-- Employees.searchByUsernameAndEmail -->
