<?xml version="1.0" encoding="UTF-8"?>
<!-- Generated by org.testng.reporters.JUnitReportReporter -->
<testsuite skipped="0" hostname="aj-desktop" name="Employees.statusSuspend" tests="1" failures="0" timestamp="17 May 2017 09:56:44 GMT" time="21.336" errors="0">
  <testcase name="passengers" time="21.336" classname="Employees.statusSuspend"/>
</testsuite> <!-- Employees.statusSuspend -->
