<?xml version="1.0" encoding="UTF-8"?>
<!-- Generated by org.testng.reporters.JUnitReportReporter -->
<testsuite skipped="0" hostname="aj-desktop" name="Employees.replyForAllCases" tests="1" failures="0" timestamp="19 May 2017 07:53:20 GMT" time="73.475" errors="0">
  <testcase name="method" time="73.475" classname="Employees.replyForAllCases"/>
</testsuite> <!-- Employees.replyForAllCases -->
