<?xml version="1.0" encoding="UTF-8"?>
<!-- Generated by org.testng.reporters.JUnitReportReporter -->
<testsuite skipped="0" hostname="aj-desktop" name="Employees.TotalEmployeesCount" tests="1" failures="0" timestamp="17 May 2017 13:27:44 GMT" time="47.238" errors="0">
  <testcase name="passengers" time="47.238" classname="Employees.TotalEmployeesCount"/>
</testsuite> <!-- Employees.TotalEmployeesCount -->
