<?xml version="1.0" encoding="UTF-8"?>
<!-- Generated by org.testng.reporters.JUnitReportReporter -->
<testsuite skipped="0" hostname="aj-desktop" name="Employees.statusAsReviewedForAllCases" tests="1" failures="0" timestamp="18 May 2017 13:31:54 GMT" time="77.715" errors="0">
  <testcase name="method" time="77.715" classname="Employees.statusAsReviewedForAllCases"/>
</testsuite> <!-- Employees.statusAsReviewedForAllCases -->
