<?xml version="1.0" encoding="UTF-8"?>
<!-- Generated by org.testng.reporters.JUnitReportReporter -->
<testsuite skipped="0" hostname="aj-desktop" name="Employees.checkingStatusThenReply" tests="1" failures="0" timestamp="17 May 2017 10:24:29 GMT" time="80.411" errors="0">
  <testcase name="method" time="80.411" classname="Employees.checkingStatusThenReply"/>
</testsuite> <!-- Employees.checkingStatusThenReply -->
