<?xml version="1.0" encoding="UTF-8"?>
<!-- Generated by org.testng.reporters.JUnitReportReporter -->
<testsuite skipped="0" hostname="aj-desktop" name="Employees.suspendButtonIsEnableOrDisable" tests="1" failures="0" timestamp="17 May 2017 14:35:35 GMT" time="23.402" errors="0">
  <testcase name="method" time="23.402" classname="Employees.suspendButtonIsEnableOrDisable"/>
</testsuite> <!-- Employees.suspendButtonIsEnableOrDisable -->
