<?xml version="1.0" encoding="UTF-8"?>
<!-- Generated by org.testng.reporters.JUnitReportReporter -->
<testsuite skipped="0" hostname="aj-desktop" name="Employees.totalEmployeesCount" tests="1" failures="0" timestamp="16 May 2017 07:19:43 GMT" time="45.865" errors="0">
  <testcase name="passengers" time="45.865" classname="Employees.totalEmployeesCount"/>
</testsuite> <!-- Employees.totalEmployeesCount -->
