<?xml version="1.0" encoding="UTF-8"?>
<!-- Generated by org.testng.reporters.JUnitReportReporter -->
<testsuite skipped="0" hostname="aj-desktop" name="Employees.statusAsPendingForPendingCases" tests="1" failures="0" timestamp="18 May 2017 12:14:21 GMT" time="89.154" errors="0">
  <testcase name="method" time="89.154" classname="Employees.statusAsPendingForPendingCases"/>
</testsuite> <!-- Employees.statusAsPendingForPendingCases -->
