<?xml version="1.0" encoding="UTF-8"?>
<!-- Generated by org.testng.reporters.JUnitReportReporter -->
<testsuite skipped="0" hostname="aj-desktop" name="Employees.pendingCase" tests="1" failures="0" timestamp="17 May 2017 13:59:13 GMT" time="34.129" errors="0">
  <testcase name="method" time="34.129" classname="Employees.pendingCase"/>
</testsuite> <!-- Employees.pendingCase -->
