<?xml version="1.0" encoding="UTF-8"?>
<!-- Generated by org.testng.reporters.JUnitReportReporter -->
<testsuite skipped="0" hostname="aj-desktop" name="Login.pageLoadTime" tests="1" failures="0" timestamp="17 May 2017 06:57:00 GMT" time="30.278" errors="0">
  <testcase name="user" time="30.278" classname="Login.pageLoadTime"/>
</testsuite> <!-- Login.pageLoadTime -->
