<?xml version="1.0" encoding="UTF-8"?>
<!-- Generated by org.testng.reporters.JUnitReportReporter -->
<testsuite skipped="0" hostname="aj-desktop" name="Employees.replyForPendingCases" tests="1" failures="0" timestamp="19 May 2017 10:49:55 GMT" time="107.527" errors="0">
  <testcase name="method" time="107.527" classname="Employees.replyForPendingCases"/>
</testsuite> <!-- Employees.replyForPendingCases -->
