<?xml version="1.0" encoding="UTF-8"?>
<!-- Generated by org.testng.reporters.JUnitReportReporter -->
<testsuite skipped="0" hostname="aj-desktop" name="Employees.CompleteEmployeeDetails" tests="1" failures="0" timestamp="18 May 2017 07:33:45 GMT" time="33.437" errors="0">
  <testcase name="method" time="33.437" classname="Employees.CompleteEmployeeDetails"/>
</testsuite> <!-- Employees.CompleteEmployeeDetails -->
