<?xml version="1.0" encoding="UTF-8"?>
<!-- Generated by org.testng.reporters.JUnitReportReporter -->
<testsuite skipped="0" hostname="aj-desktop" name="Employees.pendingCases" tests="1" failures="0" timestamp="19 May 2017 09:14:43 GMT" time="38.963" errors="0">
  <testcase name="method" time="38.963" classname="Employees.pendingCases"/>
</testsuite> <!-- Employees.pendingCases -->
