<?xml version="1.0" encoding="UTF-8"?>
<!-- Generated by org.testng.reporters.JUnitReportReporter -->
<testsuite skipped="0" hostname="aj-desktop" name="Employees.statusAsPendingForAllCases" tests="1" failures="0" timestamp="18 May 2017 12:12:38 GMT" time="72.283" errors="0">
  <testcase name="method" time="72.283" classname="Employees.statusAsPendingForAllCases"/>
</testsuite> <!-- Employees.statusAsPendingForAllCases -->
