<?xml version="1.0" encoding="UTF-8"?>
<!-- Generated by org.testng.reporters.JUnitReportReporter -->
<testsuite skipped="0" hostname="aj-desktop" name="Employees.Statussuspend" tests="1" failures="0" timestamp="16 May 2017 11:35:25 GMT" time="26.970" errors="0">
  <testcase name="passengers" time="26.970" classname="Employees.Statussuspend"/>
</testsuite> <!-- Employees.Statussuspend -->
