<?xml version="1.0" encoding="UTF-8"?>
<!-- Generated by org.testng.reporters.JUnitReportReporter -->
<testsuite skipped="0" hostname="aj-desktop" name="Employees.totalCasesCount" tests="1" failures="0" timestamp="16 May 2017 06:55:02 GMT" time="14.779" errors="0">
  <testcase name="passengers" time="14.779" classname="Employees.totalCasesCount"/>
</testsuite> <!-- Employees.totalCasesCount -->
