<?xml version="1.0" encoding="UTF-8"?>
<!-- Generated by org.testng.reporters.JUnitReportReporter -->
<testsuite skipped="0" hostname="aj-desktop" name="Employees.Statussuspend" tests="1" failures="0" timestamp="17 May 2017 07:04:29 GMT" time="28.898" errors="0">
  <testcase name="passengers" time="28.898" classname="Employees.Statussuspend"/>
</testsuite> <!-- Employees.Statussuspend -->
