<?xml version="1.0" encoding="UTF-8"?>
<!-- Generated by org.testng.reporters.JUnitReportReporter -->
<testsuite skipped="0" hostname="aj-desktop" name="Dashboard.dashboard" tests="1" failures="0" timestamp="22 May 2017 12:21:35 GMT" time="29.187" errors="0">
  <testcase name="method" time="29.187" classname="Dashboard.dashboard"/>
</testsuite> <!-- Dashboard.dashboard -->
