<?xml version="1.0" encoding="UTF-8"?>
<!-- Generated by org.testng.reporters.JUnitReportReporter -->
<testsuite skipped="0" hostname="aj-desktop" name="Employees.statusAsReviewed" tests="1" failures="0" timestamp="17 May 2017 13:25:52 GMT" time="75.127" errors="0">
  <testcase name="method" time="75.127" classname="Employees.statusAsReviewed"/>
</testsuite> <!-- Employees.statusAsReviewed -->
