<?xml version="1.0" encoding="UTF-8"?>
<!-- Generated by org.testng.reporters.JUnitReportReporter -->
<testsuite skipped="0" hostname="aj-desktop" name="Employees.suspend" tests="1" failures="0" timestamp="16 May 2017 11:02:57 GMT" time="24.536" errors="0">
  <testcase name="passengers" time="24.536" classname="Employees.suspend"/>
</testsuite> <!-- Employees.suspend -->
