<?xml version="1.0" encoding="UTF-8"?>
<!-- Generated by org.testng.reporters.JUnitReportReporter -->
<testsuite skipped="0" hostname="aj-desktop" name="Employees.Checkingthestatus" tests="1" failures="0" timestamp="17 May 2017 06:03:55 GMT" time="72.541" errors="0">
  <testcase name="method" time="72.541" classname="Employees.Checkingthestatus"/>
</testsuite> <!-- Employees.Checkingthestatus -->
