<?xml version="1.0" encoding="UTF-8"?>
<!-- Generated by org.testng.reporters.JUnitReportReporter -->
<testsuite skipped="0" hostname="aj-desktop" name="Employees.allCasesViewMore" tests="1" failures="0" timestamp="18 May 2017 06:52:09 GMT" time="39.145" errors="0">
  <testcase name="method" time="39.145" classname="Employees.allCasesViewMore"/>
</testsuite> <!-- Employees.allCasesViewMore -->
