<?xml version="1.0" encoding="UTF-8"?>
<!-- Generated by org.testng.reporters.JUnitReportReporter -->
<testsuite skipped="0" hostname="aj-desktop" name="Employees.openDashboardThroughEmployeeList" tests="1" failures="0" timestamp="18 May 2017 07:44:42 GMT" time="24.492" errors="0">
  <testcase name="method" time="24.492" classname="Employees.openDashboardThroughEmployeeList"/>
</testsuite> <!-- Employees.openDashboardThroughEmployeeList -->
