<?xml version="1.0" encoding="UTF-8"?>
<!-- Generated by org.testng.reporters.JUnitReportReporter -->
<testsuite skipped="0" hostname="aj-desktop" name="Employees.userProfile" tests="1" failures="0" timestamp="16 May 2017 10:27:04 GMT" time="37.467" errors="0">
  <testcase name="method" time="37.467" classname="Employees.userProfile"/>
</testsuite> <!-- Employees.userProfile -->
