<?xml version="1.0" encoding="UTF-8"?>
<!-- Generated by org.testng.reporters.JUnitReportReporter -->
<testsuite skipped="0" hostname="aj-desktop" name="Employees.statusAsPending" tests="1" failures="0" timestamp="17 May 2017 12:40:43 GMT" time="71.820" errors="0">
  <testcase name="method" time="71.820" classname="Employees.statusAsPending"/>
</testsuite> <!-- Employees.statusAsPending -->
