<?xml version="1.0" encoding="UTF-8"?>
<!-- Generated by org.testng.reporters.JUnitReportReporter -->
<testsuite skipped="0" hostname="aj-desktop" name="Employees.statusAsReviewedForPendingCase" tests="1" failures="0" timestamp="18 May 2017 13:30:24 GMT" time="89.614" errors="0">
  <testcase name="method" time="89.614" classname="Employees.statusAsReviewedForPendingCase"/>
</testsuite> <!-- Employees.statusAsReviewedForPendingCase -->
