<?xml version="1.0" encoding="UTF-8"?>
<!-- Generated by org.testng.reporters.JUnitReportReporter -->
<testsuite skipped="0" hostname="aj-desktop" name="Employees.statusAsReviewedForReviewedCases" tests="1" failures="0" timestamp="18 May 2017 12:08:58 GMT" time="81.316" errors="0">
  <testcase name="method" time="81.316" classname="Employees.statusAsReviewedForReviewedCases"/>
</testsuite> <!-- Employees.statusAsReviewedForReviewedCases -->
