<?xml version="1.0" encoding="UTF-8"?>
<!-- Generated by org.testng.reporters.JUnitReportReporter -->
<testsuite skipped="0" hostname="aj-desktop" name="Login.invalidUser" tests="1" failures="0" timestamp="16 May 2017 06:37:12 GMT" time="13.246" errors="0">
  <testcase name="passengers" time="13.246" classname="Login.invalidUser"/>
</testsuite> <!-- Login.invalidUser -->
