<?xml version="1.0" encoding="UTF-8"?>
<!-- Generated by org.testng.reporters.JUnitReportReporter -->
<testsuite skipped="0" hostname="aj-desktop" name="Employees.searchByEmail" tests="1" failures="0" timestamp="17 May 2017 11:25:42 GMT" time="44.112" errors="0">
  <testcase name="method" time="44.112" classname="Employees.searchByEmail"/>
</testsuite> <!-- Employees.searchByEmail -->
