<?xml version="1.0" encoding="UTF-8"?>
<!-- Generated by org.testng.reporters.JUnitReportReporter -->
<testsuite skipped="0" hostname="aj-desktop" name="Employees.reviewedCases" tests="1" failures="0" timestamp="17 May 2017 13:58:19 GMT" time="32.033" errors="0">
  <testcase name="method" time="32.033" classname="Employees.reviewedCases"/>
</testsuite> <!-- Employees.reviewedCases -->
